<?xml version="1.0" encoding="UTF-8"?>
<testsuite name="Search by keyword" tests="1" skipped="0" failures="0" errors="0" timestamp="2021-05-16T05:48:10" hostname="kraken-pc" time="7.93">
  <properties/>
  <testcase name="Searching for a term" classname="Search by keyword" time="7.93"/>
  <system-out><![CDATA[
Feature: Search by keyword

  Scenario: Searching for a term                               ?[90m# src/test/resources/features/search/search_by_keyword.feature:3?[0m
00:48:10.638 [Test worker] INFO   - 
 _____ _____ ____ _____   ____ _____  _    ____ _____ _____ ____  
|_   _| ____/ ___|_   _| / ___|_   _|/ \  |  _ \_   _| ____|  _ \ 
  | | |  _| \___ \ | |   \___ \ | | / _ \ | |_) || | |  _| | | | |
  | | | |___ ___) || |    ___) || |/ ___ \|  _ < | | | |___| |_| |
  |_| |_____|____/ |_|   |____/ |_/_/   \_\_| \_\|_| |_____|____/ 

Searching for a term(search-by-keyword;searching-for-a-term)
-------------------------------------------------------------------
00:48:10.934 [Test worker] INFO  n.s.c.w.d.ProvideNewDriver - Instantiating driver
00:48:10.934 [Test worker] INFO  n.s.c.w.d.ProvideNewDriver - Driver capabilities: Capabilities {acceptInsecureCerts: false, browserName: chrome, chrome.switches: --start-maximized;--test-ty..., goog:chromeOptions: {args: [--start-maximized, --test-type, --no-sandbox, --ignore-certificate-errors..., --disable-popup-blocking, --disable-default-apps, --disable-extensions-file-a..., --incognito, --disable-infobars, --disable-gpu], extensions: []}, loggingPrefs: org.openqa.selenium.logging..., platform: ANY, version: }
    ?[32mGiven ?[0m?[32m?[0m?[32m?[1mSergey?[0m?[32m is on the DuckDuckGo home page?[0m                ?[90m# SearchOnDuckDuckGoStepDefinitions.on_the_DuckDuckGo_home_page(String)?[0m
    ?[32mWhen ?[0m?[32mhe searches for ?[0m?[32m?[1m"dress"?[0m                               ?[90m# SearchOnDuckDuckGoStepDefinitions.search_for(String)?[0m
*+++++++ACAAAAAAAAAAAAAAAAAAAAAAAAAAAa****+++"dress"
    ?[32mThen ?[0m?[32mall the result titles should contain the word ?[0m?[32m?[1m"dress"?[0m ?[90m# SearchOnDuckDuckGoStepDefinitions.all_the_result_titles_should_contain_the_word(String)?[0m
]]></system-out>
  <system-err><![CDATA[may 16, 2021 12:48:10 AM org.openqa.selenium.remote.DesiredCapabilities chrome
INFORMACIÓN: Using `new ChromeOptions()` is preferred to `DesiredCapabilities.chrome()`
Starting ChromeDriver 90.0.4430.24 (4c6d850f087da467d926e8eddb76550aed655991-refs/branch-heads/4430@{#429}) on port 31612
Only local connections are allowed.
Please see https://chromedriver.chromium.org/security-considerations for suggestions on keeping ChromeDriver safe.
ChromeDriver was started successfully.
may 16, 2021 12:48:12 AM org.openqa.selenium.remote.ProtocolHandshake createSession
INFORMACIÓN: Detected dialect: W3C
]]></system-err>
</testsuite>
